<?xml version="1.0" encoding="UTF-8"?>
<!-- Generated by org.testng.reporters.JUnitReportReporter -->
<testsuite hostname="SR-Vishal" failures="0" tests="1" name="com.noteb.testscript.ChangeInBudgetFilter" time="3.270" errors="0" timestamp="2023-03-24T07:15:48 IST" skipped="0">
  <testcase classname="com.noteb.testscript.ChangeInBudgetFilter" name="VerifyChangeInBudgetFilter" time="3.270"/>
  <system-out>
    <![CDATA[Search filter clicked on main Panel 
Entered a valid value in minValueField 
Min slider updates it's position as per entered input
Entered a valid value in maxValueField 
Max slider updates it's position as per entered input
Entered min and max value as same
Min and Max slider updates it's position as per entered input
Entered min value greater than max value or max value less than min value
Min and Max slider updates it's position as per entered input]]>
  </system-out>
</testsuite> <!-- com.noteb.testscript.ChangeInBudgetFilter -->
