<?xml version="1.0" encoding="UTF-8"?>
<!-- Generated by org.testng.reporters.JUnitReportReporter -->
<testsuite hostname="SR-Vishal" failures="0" tests="1" name="com.noteb.testscript.SyncInBudgetFilter" time="21.778" errors="0" timestamp="2023-03-24T18:59:38 IST" skipped="0">
  <testcase classname="com.noteb.testscript.SyncInBudgetFilter" name="VerifySyncInBudgetFilter" time="21.778"/>
  <system-out>
    <![CDATA[clicked on main Panel's Search filter 
min slider dragged in positive axis and accordingly updated the input field
min slider dragged in negative axis and accordingly updated the input field
max slider dragged in positive axis and accordingly updated the input field
max slider dragged in negative axis and accordingly updated the input field
Entered a valid value in minValueField 
Min slider updates it's position as per entered input
Entered a valid value in maxValueField 
Max slider updates it's position as per entered input
Entered min and max value as same
Min and Max slider updates it's position as per entered input
Entered min value greater than max value or max value less than min value
Min and Max slider updates it's position as per entered input]]>
  </system-out>
</testsuite> <!-- com.noteb.testscript.SyncInBudgetFilter -->
