<?xml version="1.0" encoding="UTF-8"?>
<!-- Generated by org.testng.reporters.JUnitReportReporter -->
<testsuite hostname="SR-Vishal" failures="0" tests="1" name="com.noteb.testscript.BudgetFilter" time="10.578" errors="0" timestamp="2023-03-24T18:59:38 IST" skipped="0">
  <testcase classname="com.noteb.testscript.BudgetFilter" name="verifyBudgetFilter" time="10.578"/>
  <system-out>
    <![CDATA[Search filter clicked on main Panel 
Budget filter is displayed
Min and Max input fields are present
Currency field is present]]>
  </system-out>
</testsuite> <!-- com.noteb.testscript.BudgetFilter -->
